#
# There is insufficient memory for the Java Runtime Environment to continue.
# Native memory allocation (malloc) failed to allocate 1048576 bytes for AllocateHeap
# Possible reasons:
#   The system is out of physical RAM or swap space
#   In 32 bit mode, the process size limit was hit
# Possible solutions:
#   Reduce memory load on the system
#   Increase physical memory or swap space
#   Check if swap backing store is full
#   Use 64 bit Java on a 64 bit OS
#   Decrease Java heap size (-Xmx/-Xms)
#   Decrease number of Java threads
#   Decrease Java thread stack sizes (-Xss)
#   Set larger code cache with -XX:ReservedCodeCacheSize=
# This output file may be truncated or incomplete.
#
#  Out of Memory Error (memory/allocation.inline.hpp:61), pid=15488, tid=0x00000000000018e4
#
# JRE version:  (8.0_191-b12) (build )
# Java VM: Java HotSpot(TM) 64-Bit Server VM (25.191-b12 mixed mode windows-amd64 compressed oops)
# Failed to write core dump. Minidumps are not enabled by default on client versions of Windows
#

---------------  T H R E A D  ---------------

Current thread (0x00000000029c4000):  JavaThread "Unknown thread" [_thread_in_vm, id=6372, stack(0x00000000028c0000,0x00000000029c0000)]

Stack: [0x00000000028c0000,0x00000000029c0000]
[error occurred during error reporting (printing stack bounds), id 0xc0000005]

Native frames: (J=compiled Java code, j=interpreted, Vv=VM code, C=native code)


---------------  P R O C E S S  ---------------

Java Threads: ( => current thread )

Other Threads:

=>0x00000000029c4000 (exited) JavaThread "Unknown thread" [_thread_in_vm, id=6372, stack(0x00000000028c0000,0x00000000029c0000)]

VM state:not at safepoint (normal execution)

VM Mutex/Monitor currently owned by a thread: None

Heap:
 PSYoungGen      total 38400K, used 665K [0x00000000d5f00000, 0x00000000d8980000, 0x0000000100000000)
  eden space 33280K, 2% used [0x00000000d5f00000,0x00000000d5fa6670,0x00000000d7f80000)
  from space 5120K, 0% used [0x00000000d8480000,0x00000000d8480000,0x00000000d8980000)
  to   space 5120K, 0% used [0x00000000d7f80000,0x00000000d7f80000,0x00000000d8480000)
 ParOldGen       total 87552K, used 0K [0x0000000081c00000, 0x0000000087180000, 0x00000000d5f00000)
  object space 87552K, 0% used [0x0000000081c00000,0x0000000081c00000,0x0000000087180000)
 Metaspace       used 751K, capacity 4480K, committed 4480K, reserved 1056768K
  class space    used 76K, capacity 384K, committed 384K, reserved 1048576K

Card table byte_map: [0x0000000011e80000,0x0000000012280000] byte_map_base: 0x0000000011a72000

Marking Bits: (ParMarkBitMap*) 0x0000000068a83e30
 Begin Bits: [0x0000000012930000, 0x00000000148c0000)
 End Bits:   [0x00000000148c0000, 0x0000000016850000)

Polling page: 0x00000000010d0000

CodeCache: size=245760Kb used=328Kb max_used=328Kb free=245431Kb
 bounds [0x0000000002ac0000, 0x0000000002d30000, 0x0000000011ac0000]
 total_blobs=58 nmethods=0 adapters=38
 compilation: enabled

Compilation events (0 events):
No events

GC Heap History (0 events):
No events

Deoptimization events (0 events):
No events

Classes redefined (0 events):
No events

Internal exceptions (0 events):
No events

Events (10 events):
Event: 0.033 loading class java/lang/Short
Event: 0.033 loading class java/lang/Short done
Event: 0.033 loading class java/lang/Integer
Event: 0.034 loading class java/lang/Integer done
Event: 0.034 loading class java/lang/Long
Event: 0.034 loading class java/lang/Long done
Event: 0.035 loading class java/lang/NullPointerException
Event: 0.035 loading class java/lang/NullPointerException done
Event: 0.035 loading class java/lang/ArithmeticException
Event: 0.035 loading class java/lang/ArithmeticException done


Dynamic libraries:
0x00007ff6fdf00000 - 0x00007ff6fdf37000 	C:\Program Files\Java\jre1.8.0_191\bin\javaw.exe
0x00007ffdcd470000 - 0x00007ffdcd665000 	C:\WINDOWS\SYSTEM32\ntdll.dll
0x00007ffdcc930000 - 0x00007ffdcc9ed000 	C:\WINDOWS\System32\KERNEL32.DLL
0x00007ffdcb200000 - 0x00007ffdcb4c8000 	C:\WINDOWS\System32\KERNELBASE.dll
0x00007ffdcbc70000 - 0x00007ffdcbd1c000 	C:\WINDOWS\System32\ADVAPI32.dll
0x00007ffdcc9f0000 - 0x00007ffdcca8e000 	C:\WINDOWS\System32\msvcrt.dll
0x00007ffdcd370000 - 0x00007ffdcd40b000 	C:\WINDOWS\System32\sechost.dll
0x00007ffdcbd20000 - 0x00007ffdcbe4b000 	C:\WINDOWS\System32\RPCRT4.dll
0x00007ffdcb770000 - 0x00007ffdcb910000 	C:\WINDOWS\System32\USER32.dll
0x00007ffdcaf40000 - 0x00007ffdcaf62000 	C:\WINDOWS\System32\win32u.dll
0x00007ffdcca90000 - 0x00007ffdccaba000 	C:\WINDOWS\System32\GDI32.dll
0x00007ffdcad90000 - 0x00007ffdcae9b000 	C:\WINDOWS\System32\gdi32full.dll
0x00007ffdcaea0000 - 0x00007ffdcaf3d000 	C:\WINDOWS\System32\msvcp_win.dll
0x00007ffdcabb0000 - 0x00007ffdcacb0000 	C:\WINDOWS\System32\ucrtbase.dll
0x00007ffdca0b0000 - 0x00007ffdca34a000 	C:\WINDOWS\WinSxS\amd64_microsoft.windows.common-controls_6595b64144ccf1df_6.0.19041.844_none_ca00b6081b84eb1d\COMCTL32.dll
0x00007ffdcb4d0000 - 0x00007ffdcb500000 	C:\WINDOWS\System32\IMM32.DLL
0x0000000068f30000 - 0x0000000069002000 	C:\Program Files\Java\jre1.8.0_191\bin\msvcr100.dll
0x0000000068260000 - 0x0000000068b04000 	C:\Program Files\Java\jre1.8.0_191\bin\server\jvm.dll
0x00007ffdcc920000 - 0x00007ffdcc928000 	C:\WINDOWS\System32\PSAPI.DLL
0x00007ffdc1d40000 - 0x00007ffdc1d4a000 	C:\WINDOWS\SYSTEM32\VERSION.dll
0x00007ffdba780000 - 0x00007ffdba789000 	C:\WINDOWS\SYSTEM32\WSOCK32.dll
0x00007ffdbb1b0000 - 0x00007ffdbb1d7000 	C:\WINDOWS\SYSTEM32\WINMM.dll
0x00007ffdcc850000 - 0x00007ffdcc8bb000 	C:\WINDOWS\System32\WS2_32.dll
0x000000006b090000 - 0x000000006b09f000 	C:\Program Files\Java\jre1.8.0_191\bin\verify.dll
0x0000000069cb0000 - 0x0000000069cd9000 	C:\Program Files\Java\jre1.8.0_191\bin\java.dll
0x0000000069c90000 - 0x0000000069ca6000 	C:\Program Files\Java\jre1.8.0_191\bin\zip.dll

VM Arguments:
jvm_args: -Dfile.encoding=Cp1252 
java_command: cucumber.api.cli.Main C:/Users/HII/Desktop/SeleniumProject_qedze/guru99_Project/src/test/resources/features/EcommerceLogin.feature --glue classpath: --plugin pretty --monochrome
java_class_path (initial): C:\Users\HII\Desktop\SeleniumProject_qedze\guru99_Project\target\classes;C:\Users\HII\Desktop\SeleniumProject_qedze\guru99_Project\target\test-classes;C:\Users\HII\.m2\repository\org\seleniumhq\selenium\selenium-java\3.4.0\selenium-java-3.4.0.jar;C:\Users\HII\.m2\repository\org\seleniumhq\selenium\selenium-api\3.4.0\selenium-api-3.4.0.jar;C:\Users\HII\.m2\repository\org\seleniumhq\selenium\selenium-chrome-driver\3.4.0\selenium-chrome-driver-3.4.0.jar;C:\Users\HII\.m2\repository\org\seleniumhq\selenium\selenium-edge-driver\3.4.0\selenium-edge-driver-3.4.0.jar;C:\Users\HII\.m2\repository\org\seleniumhq\selenium\selenium-firefox-driver\3.4.0\selenium-firefox-driver-3.4.0.jar;C:\Users\HII\.m2\repository\org\seleniumhq\selenium\selenium-ie-driver\3.4.0\selenium-ie-driver-3.4.0.jar;C:\Users\HII\.m2\repository\org\seleniumhq\selenium\selenium-opera-driver\3.4.0\selenium-opera-driver-3.4.0.jar;C:\Users\HII\.m2\repository\org\seleniumhq\selenium\selenium-remote-driver\3.4.0\selenium-remote-driver-3.4.0.jar;C:\Users\HII\.m2\repository\org\seleniumhq\selenium\selenium-safari-driver\3.4.0\selenium-safari-driver-3.4.0.jar;C:\Users\HII\.m2\repository\org\seleniumhq\selenium\selenium-support\3.4.0\selenium-support-3.4.0.jar;C:\Users\HII\.m2\repository\cglib\cglib-nodep\3.2.4\cglib-nodep-3.2.4.jar;C:\Users\HII\.m2\repository\org\apache\commons\commons-exec\1.3\commons-exec-1.3.jar;C:\Users\HII\.m2\repository\org\apache\commons\commons-lang3\3.5\commons-lang3-3.5.jar;C:\Users\HII\.m2\repository\commons-codec\commons-codec\1.10\commons-codec-1.10.jar;C:\Users\HII\.m2\repository\commons-io\commons-io\2.5\commons-io-2.5.jar;C:\Users\HII\.m2\repository\commons-logging\commons-logging\1.2\commons-logging-1.2.jar;C:\Users\HII\.m2\repository\org\w3c\css\sac\1.3\sac-1.3.jar;C:\Users\HII\.m2\repository\net\sourceforge\cssparser\cssparser\0.9.22\cssparser-0.9.22.jar;C:\Users\HII\.m2\repository\com\google\code\gson\gson\2.8.0\gson-2.8.0.jar;C:\Users\HII\.m2\reposit
Launcher Type: SUN_STANDARD

Environment Variables:
PATH=C:/Program Files/Java/jre1.8.0_191/bin/server;C:/Program Files/Java/jre1.8.0_191/bin;C:/Program Files/Java/jre1.8.0_191/lib/amd64;D:\oracle\app\oracle\product\11.2.0\server\bin;;D:\app\HII\product\12.2.0\dbhome_1\bin;C:\Program Files (x86)\Common Files\Oracle\Java\javapath;C:\Windows\system32;C:\Windows;C:\Windows\System32\Wbem;C:\Windows\System32\WindowsPowerShell\v1.0\;C:\Program Files (x86)\NVIDIA Corporation\PhysX\Common;C:\WINDOWS\system32;C:\WINDOWS;C:\WINDOWS\System32\Wbem;C:\WINDOWS\System32\WindowsPowerShell\v1.0\;C:\WINDOWS\System32\OpenSSH\;C:\Program Files\Git\cmd;C:\Users\HII\AppData\Local\Programs\Python\Python37\Scripts\;C:\Users\HII\AppData\Local\Programs\Python\Python37\;C:\Users\HII\AppData\Local\Microsoft\WindowsApps;C:\Program Files\Java\jdk1.8.0_191\bin;C:\Users\HII\AppData\Local\GitHubDesktop\bin;;C:\Users\HII\Desktop;
USERNAME=HII
OS=Windows_NT
PROCESSOR_IDENTIFIER=Intel64 Family 6 Model 142 Stepping 9, GenuineIntel



---------------  S Y S T E M  ---------------

OS: Windows 10.0 , 64 bit Build 19041 (10.0.19041.928)

CPU:total 4 (initial active 4) (2 cores per cpu, 2 threads per core) family 6 model 142 stepping 9, cmov, cx8, fxsr, mmx, sse, sse2, sse3, ssse3, sse4.1, sse4.2, popcnt, avx, avx2, aes, clmul, erms, 3dnowpref, lzcnt, ht, tsc, tscinvbit, bmi1, bmi2, adx

Memory: 4k page, physical 8270988k(3497424k free), swap 10221708k(5552k free)

vm_info: Java HotSpot(TM) 64-Bit Server VM (25.191-b12) for windows-amd64 JRE (1.8.0_191-b12), built on Oct  6 2018 09:29:03 by "java_re" with MS VC++ 10.0 (VS2010)

time: Fri May 14 13:54:36 2021
elapsed time: 0 seconds (0d 0h 0m 0s)

