#
# There is insufficient memory for the Java Runtime Environment to continue.
# Native memory allocation (malloc) failed to allocate 58896 bytes for Chunk::new
# Possible reasons:
#   The system is out of physical RAM or swap space
#   In 32 bit mode, the process size limit was hit
# Possible solutions:
#   Reduce memory load on the system
#   Increase physical memory or swap space
#   Check if swap backing store is full
#   Use 64 bit Java on a 64 bit OS
#   Decrease Java heap size (-Xmx/-Xms)
#   Decrease number of Java threads
#   Decrease Java thread stack sizes (-Xss)
#   Set larger code cache with -XX:ReservedCodeCacheSize=
# This output file may be truncated or incomplete.
#
#  Out of Memory Error (allocation.cpp:390), pid=6676, tid=0x0000000000002b58
#
# JRE version: Java(TM) SE Runtime Environment (8.0_191-b12) (build 1.8.0_191-b12)
# Java VM: Java HotSpot(TM) 64-Bit Server VM (25.191-b12 mixed mode windows-amd64 compressed oops)
# Failed to write core dump. Minidumps are not enabled by default on client versions of Windows
#

---------------  T H R E A D  ---------------

Current thread (0x000000001773a800):  JavaThread "C2 CompilerThread1" daemon [_thread_in_native, id=11096, stack(0x0000000018e80000,0x0000000018f80000)]

Stack: [0x0000000018e80000,0x0000000018f80000]
[error occurred during error reporting (printing stack bounds), id 0xc0000005]

Native frames: (J=compiled Java code, j=interpreted, Vv=VM code, C=native code)


Current CompileTask:
C2:   9359 1447       4       java.util.regex.Pattern$Curly::match (86 bytes)


---------------  P R O C E S S  ---------------

Java Threads: ( => current thread )
  0x000000001a5cb800 JavaThread "Exec Stream Pumper" daemon [_thread_in_native, id=11248, stack(0x000000001b990000,0x000000001ba90000)]
  0x000000001971e800 JavaThread "Exec Stream Pumper" daemon [_thread_in_native, id=8792, stack(0x000000001b890000,0x000000001b990000)]
  0x0000000019724000 JavaThread "UrlChecker-2" daemon [_thread_blocked, id=16172, stack(0x000000001b790000,0x000000001b890000)]
  0x000000001a6c9000 JavaThread "Exec Default Executor" daemon [_thread_in_native, id=15508, stack(0x000000001b690000,0x000000001b790000)]
  0x00000000190b0800 JavaThread "Service Thread" daemon [_thread_blocked, id=9432, stack(0x0000000019480000,0x0000000019580000)]
  0x0000000017748000 JavaThread "C1 CompilerThread2" daemon [_thread_in_native, id=10780, stack(0x0000000018f80000,0x0000000019080000)]
=>0x000000001773a800 JavaThread "C2 CompilerThread1" daemon [_thread_in_native, id=11096, stack(0x0000000018e80000,0x0000000018f80000)]
  0x0000000017735000 JavaThread "C2 CompilerThread0" daemon [_thread_in_native, id=6800, stack(0x0000000018d80000,0x0000000018e80000)]
  0x0000000017733800 JavaThread "Attach Listener" daemon [_thread_blocked, id=15992, stack(0x0000000018c80000,0x0000000018d80000)]
  0x0000000017730800 JavaThread "Signal Dispatcher" daemon [_thread_blocked, id=6296, stack(0x0000000018b80000,0x0000000018c80000)]
  0x000000001771a800 JavaThread "Finalizer" daemon [_thread_blocked, id=7048, stack(0x0000000018980000,0x0000000018a80000)]
  0x0000000002bf3000 JavaThread "Reference Handler" daemon [_thread_blocked, id=9268, stack(0x0000000018880000,0x0000000018980000)]
  0x0000000002b04000 JavaThread "Forwarding findElement on session fb867036d97b5e01ecf904d33f5489c9 to remote" [_thread_in_native, id=15852, stack(0x00000000029c0000,0x0000000002ac0000)]

Other Threads:
  0x00000000176f7800 VMThread [stack: 0x0000000018780000,0x0000000018880000] [id=9372]
  0x0000000019104000 WatcherThread [stack: 0x0000000019580000,0x0000000019680000] [id=8072]

VM state:not at safepoint (normal execution)

VM Mutex/Monitor currently owned by a thread: None

Heap:
 PSYoungGen      total 38400K, used 28086K [0x00000000d5f00000, 0x00000000d8980000, 0x0000000100000000)
  eden space 33280K, 69% used [0x00000000d5f00000,0x00000000d7570b58,0x00000000d7f80000)
  from space 5120K, 99% used [0x00000000d8480000,0x00000000d897ce68,0x00000000d8980000)
  to   space 5120K, 0% used [0x00000000d7f80000,0x00000000d7f80000,0x00000000d8480000)
 ParOldGen       total 87552K, used 1458K [0x0000000081c00000, 0x0000000087180000, 0x00000000d5f00000)
  object space 87552K, 1% used [0x0000000081c00000,0x0000000081d6cb88,0x0000000087180000)
 Metaspace       used 16584K, capacity 16852K, committed 17152K, reserved 1064960K
  class space    used 2344K, capacity 2474K, committed 2560K, reserved 1048576K

Card table byte_map: [0x0000000011fc0000,0x00000000123c0000] byte_map_base: 0x0000000011bb2000

Marking Bits: (ParMarkBitMap*) 0x0000000058b63e30
 Begin Bits: [0x0000000012a70000, 0x0000000014a00000)
 End Bits:   [0x0000000014a00000, 0x0000000016990000)

Polling page: 0x0000000001110000

CodeCache: size=245760Kb used=5265Kb max_used=5270Kb free=240494Kb
 bounds [0x0000000002c00000, 0x0000000003130000, 0x0000000011c00000]
 total_blobs=1843 nmethods=1450 adapters=305
 compilation: enabled

Compilation events (10 events):
Event: 4.162 Thread 0x0000000017748000 nmethod 1443 0x0000000003124e50 code [0x0000000003124fa0, 0x00000000031250b0]
Event: 9.291 Thread 0x0000000017748000 1444       1       org.apache.http.message.BufferedHeader::getName (5 bytes)
Event: 9.291 Thread 0x0000000017748000 nmethod 1444 0x0000000003124b90 code [0x0000000003124ce0, 0x0000000003124df0]
Event: 9.292 Thread 0x000000001773a800 1445       4       java.util.Collections$UnmodifiableCollection$1::hasNext (10 bytes)
Event: 9.292 Thread 0x000000001773a800 nmethod 1445 0x0000000003123450 code [0x0000000003123580, 0x00000000031235f8]
Event: 9.293 Thread 0x0000000017735000 1446       4       java.util.regex.Pattern$Node::match (27 bytes)
Event: 9.293 Thread 0x0000000017748000 1448       3       java.util.regex.Pattern$Curly::match0 (174 bytes)
Event: 9.293 Thread 0x000000001773a800 1447       4       java.util.regex.Pattern$Curly::match (86 bytes)
Event: 9.294 Thread 0x0000000017748000 nmethod 1448 0x00000000031224d0 code [0x00000000031226c0, 0x00000000031230f8]
Event: 9.294 Thread 0x0000000017735000 nmethod 1446 0x0000000003122210 code [0x0000000003122340, 0x00000000031223f8]

GC Heap History (4 events):
Event: 0.799 GC heap before
{Heap before GC invocations=1 (full 0):
 PSYoungGen      total 38400K, used 33280K [0x00000000d5f00000, 0x00000000d8980000, 0x0000000100000000)
  eden space 33280K, 100% used [0x00000000d5f00000,0x00000000d7f80000,0x00000000d7f80000)
  from space 5120K, 0% used [0x00000000d8480000,0x00000000d8480000,0x00000000d8980000)
  to   space 5120K, 0% used [0x00000000d7f80000,0x00000000d7f80000,0x00000000d8480000)
 ParOldGen       total 87552K, used 0K [0x0000000081c00000, 0x0000000087180000, 0x00000000d5f00000)
  object space 87552K, 0% used [0x0000000081c00000,0x0000000081c00000,0x0000000087180000)
 Metaspace       used 6351K, capacity 6580K, committed 6912K, reserved 1056768K
  class space    used 922K, capacity 944K, committed 1024K, reserved 1048576K
Event: 0.803 GC heap after
Heap after GC invocations=1 (full 0):
 PSYoungGen      total 38400K, used 3627K [0x00000000d5f00000, 0x00000000d8980000, 0x0000000100000000)
  eden space 33280K, 0% used [0x00000000d5f00000,0x00000000d5f00000,0x00000000d7f80000)
  from space 5120K, 70% used [0x00000000d7f80000,0x00000000d830af50,0x00000000d8480000)
  to   space 5120K, 0% used [0x00000000d8480000,0x00000000d8480000,0x00000000d8980000)
 ParOldGen       total 87552K, used 8K [0x0000000081c00000, 0x0000000087180000, 0x00000000d5f00000)
  object space 87552K, 0% used [0x0000000081c00000,0x0000000081c02000,0x0000000087180000)
 Metaspace       used 6351K, capacity 6580K, committed 6912K, reserved 1056768K
  class space    used 922K, capacity 944K, committed 1024K, reserved 1048576K
}
Event: 1.659 GC heap before
{Heap before GC invocations=2 (full 0):
 PSYoungGen      total 38400K, used 36907K [0x00000000d5f00000, 0x00000000d8980000, 0x0000000100000000)
  eden space 33280K, 100% used [0x00000000d5f00000,0x00000000d7f80000,0x00000000d7f80000)
  from space 5120K, 70% used [0x00000000d7f80000,0x00000000d830af50,0x00000000d8480000)
  to   space 5120K, 0% used [0x00000000d8480000,0x00000000d8480000,0x00000000d8980000)
 ParOldGen       total 87552K, used 8K [0x0000000081c00000, 0x0000000087180000, 0x00000000d5f00000)
  object space 87552K, 0% used [0x0000000081c00000,0x0000000081c02000,0x0000000087180000)
 Metaspace       used 12648K, capacity 12918K, committed 13184K, reserved 1060864K
  class space    used 1719K, capacity 1831K, committed 1920K, reserved 1048576K
Event: 1.667 GC heap after
Heap after GC invocations=2 (full 0):
 PSYoungGen      total 38400K, used 5107K [0x00000000d5f00000, 0x00000000d8980000, 0x0000000100000000)
  eden space 33280K, 0% used [0x00000000d5f00000,0x00000000d5f00000,0x00000000d7f80000)
  from space 5120K, 99% used [0x00000000d8480000,0x00000000d897ce68,0x00000000d8980000)
  to   space 5120K, 0% used [0x00000000d7f80000,0x00000000d7f80000,0x00000000d8480000)
 ParOldGen       total 87552K, used 1458K [0x0000000081c00000, 0x0000000087180000, 0x00000000d5f00000)
  object space 87552K, 1% used [0x0000000081c00000,0x0000000081d6cb88,0x0000000087180000)
 Metaspace       used 12648K, capacity 12918K, committed 13184K, reserved 1060864K
  class space    used 1719K, capacity 1831K, committed 1920K, reserved 1048576K
}

Deoptimization events (10 events):
Event: 1.594 Thread 0x0000000002b04000 Uncommon trap: reason=unstable_if action=reinterpret pc=0x0000000002ff7cb0 method=java.lang.Character.isSurrogate(C)Z @ 3
Event: 1.766 Thread 0x0000000002b04000 Uncommon trap: reason=unstable_if action=reinterpret pc=0x0000000002d84ee8 method=java.lang.String.replace(CC)Ljava/lang/String; @ 2
Event: 1.777 Thread 0x0000000019724000 Uncommon trap: reason=unstable_if action=reinterpret pc=0x000000000303c7d8 method=java.util.concurrent.ConcurrentHashMap.addCount(JI)V @ 121
Event: 1.783 Thread 0x0000000019724000 Uncommon trap: reason=unstable_if action=reinterpret pc=0x0000000002f14494 method=java.lang.CharacterDataLatin1.digit(II)I @ 82
Event: 1.783 Thread 0x0000000019724000 Uncommon trap: reason=predicate action=maybe_recompile pc=0x0000000002ed8030 method=sun.net.www.ParseUtil.encodePath(Ljava/lang/String;Z)Ljava/lang/String; @ 36
Event: 2.556 Thread 0x0000000002b04000 Uncommon trap: reason=class_check action=maybe_recompile pc=0x0000000002f4b7d0 method=java.util.regex.Pattern$Curly.match(Ljava/util/regex/Matcher;ILjava/lang/CharSequence;)Z @ 19
Event: 2.556 Thread 0x0000000002b04000 Uncommon trap: reason=class_check action=maybe_recompile pc=0x0000000002f4b7d0 method=java.util.regex.Pattern$Curly.match(Ljava/util/regex/Matcher;ILjava/lang/CharSequence;)Z @ 19
Event: 2.563 Thread 0x0000000002b04000 Uncommon trap: reason=class_check action=maybe_recompile pc=0x0000000002f4b7d0 method=java.util.regex.Pattern$Curly.match(Ljava/util/regex/Matcher;ILjava/lang/CharSequence;)Z @ 19
Event: 2.563 Thread 0x0000000002b04000 Uncommon trap: reason=class_check action=maybe_recompile pc=0x0000000002f4b7d0 method=java.util.regex.Pattern$Curly.match(Ljava/util/regex/Matcher;ILjava/lang/CharSequence;)Z @ 19
Event: 2.714 Thread 0x0000000002b04000 Uncommon trap: reason=unstable_if action=reinterpret pc=0x000000000305d6a4 method=java.util.concurrent.ConcurrentHashMap.putVal(Ljava/lang/Object;Ljava/lang/Object;Z)Ljava/lang/Object; @ 181

Classes redefined (0 events):
No events

Internal exceptions (10 events):
Event: 1.003 Thread 0x0000000002b04000 Exception <a 'java/lang/NoClassDefFoundError': org/apache/log4j/Priority> (0x00000000d6f98e20) thrown at [C:\re\workspace\8-2-build-windows-amd64-cygwin\jdk8u191\11896\hotspot\src\share\vm\classfile\systemDictionary.cpp, line 199]
Event: 1.316 Thread 0x0000000002b04000 Exception <a 'java/lang/NoSuchFieldError': method resolution failed> (0x00000000d7358e30) thrown at [C:\re\workspace\8-2-build-windows-amd64-cygwin\jdk8u191\11896\hotspot\src\share\vm\prims\methodHandles.cpp, line 1167]
Event: 1.317 Thread 0x0000000002b04000 Exception <a 'java/lang/NoSuchFieldError': method resolution failed> (0x00000000d73668c0) thrown at [C:\re\workspace\8-2-build-windows-amd64-cygwin\jdk8u191\11896\hotspot\src\share\vm\prims\methodHandles.cpp, line 1167]
Event: 2.298 Thread 0x0000000019724000 Exception <a 'java/net/SocketTimeoutException': connect timed out> (0x00000000d64bfbd8) thrown at [C:\re\workspace\8-2-build-windows-amd64-cygwin\jdk8u191\11896\hotspot\src\share\vm\prims\jni.cpp, line 735]
Event: 2.376 Thread 0x0000000002b04000 Exception <a 'java/lang/IncompatibleClassChangeError': Found class java.lang.Object, but interface was expected> (0x00000000d6494008) thrown at [C:\re\workspace\8-2-build-windows-amd64-cygwin\jdk8u191\11896\hotspot\src\share\vm\interpreter\linkResolver.cp
Event: 2.389 Thread 0x0000000002b04000 Exception <a 'java/lang/NoSuchMethodError': java.lang.Object.lambda$or$2(Ljava/util/function/Predicate;Ljava/lang/Object;)Z> (0x00000000d64a2d58) thrown at [C:\re\workspace\8-2-build-windows-amd64-cygwin\jdk8u191\11896\hotspot\src\share\vm\interpreter\lin
Event: 2.508 Thread 0x0000000002b04000 Exception <a 'java/lang/IncompatibleClassChangeError': Found class java.lang.Object, but interface was expected> (0x00000000d6906b38) thrown at [C:\re\workspace\8-2-build-windows-amd64-cygwin\jdk8u191\11896\hotspot\src\share\vm\interpreter\linkResolver.cp
Event: 3.974 Thread 0x0000000002b04000 Exception <a 'java/net/SocketTimeoutException': Read timed out> (0x00000000d73553f8) thrown at [C:\re\workspace\8-2-build-windows-amd64-cygwin\jdk8u191\11896\hotspot\src\share\vm\prims\jni.cpp, line 735]
Event: 4.160 Thread 0x0000000002b04000 Exception <a 'java/net/SocketTimeoutException': Read timed out> (0x00000000d7383760) thrown at [C:\re\workspace\8-2-build-windows-amd64-cygwin\jdk8u191\11896\hotspot\src\share\vm\prims\jni.cpp, line 735]
Event: 4.175 Thread 0x0000000002b04000 Exception <a 'java/net/SocketTimeoutException': Read timed out> (0x00000000d73963a0) thrown at [C:\re\workspace\8-2-build-windows-amd64-cygwin\jdk8u191\11896\hotspot\src\share\vm\prims\jni.cpp, line 735]

Events (10 events):
Event: 9.297 loading class org/openqa/selenium/support/pagefactory/Annotations
Event: 9.297 loading class org/openqa/selenium/support/pagefactory/Annotations done
Event: 9.297 loading class org/openqa/selenium/By
Event: 9.297 loading class org/openqa/selenium/By done
Event: 9.298 loading class org/openqa/selenium/support/ByIdOrName
Event: 9.298 loading class org/openqa/selenium/support/ByIdOrName done
Event: 9.298 loading class org/openqa/selenium/support/pagefactory/ByAll
Event: 9.298 loading class org/openqa/selenium/support/pagefactory/ByAll done
Event: 9.299 loading class org/openqa/selenium/support/pagefactory/ByChained
Event: 9.299 loading class org/openqa/selenium/support/pagefactory/ByChained done


Dynamic libraries:
0x00007ff6e0c30000 - 0x00007ff6e0c67000 	C:\Program Files\Java\jre1.8.0_191\bin\javaw.exe
0x00007fff9d4d0000 - 0x00007fff9d6c5000 	C:\WINDOWS\SYSTEM32\ntdll.dll
0x00007fff9d340000 - 0x00007fff9d3fd000 	C:\WINDOWS\System32\KERNEL32.DLL
0x00007fff9b230000 - 0x00007fff9b4f8000 	C:\WINDOWS\System32\KERNELBASE.dll
0x00007fff9bd80000 - 0x00007fff9be2c000 	C:\WINDOWS\System32\ADVAPI32.dll
0x00007fff9b870000 - 0x00007fff9b90e000 	C:\WINDOWS\System32\msvcrt.dll
0x00007fff9b540000 - 0x00007fff9b5db000 	C:\WINDOWS\System32\sechost.dll
0x00007fff9ce10000 - 0x00007fff9cf3b000 	C:\WINDOWS\System32\RPCRT4.dll
0x00007fff9d1a0000 - 0x00007fff9d340000 	C:\WINDOWS\System32\USER32.dll
0x00007fff9b500000 - 0x00007fff9b522000 	C:\WINDOWS\System32\win32u.dll
0x00007fff9beb0000 - 0x00007fff9beda000 	C:\WINDOWS\System32\GDI32.dll
0x00007fff9b040000 - 0x00007fff9b14b000 	C:\WINDOWS\System32\gdi32full.dll
0x00007fff9afa0000 - 0x00007fff9b03d000 	C:\WINDOWS\System32\msvcp_win.dll
0x00007fff9ac90000 - 0x00007fff9ad90000 	C:\WINDOWS\System32\ucrtbase.dll
0x00007fff8fe90000 - 0x00007fff9012a000 	C:\WINDOWS\WinSxS\amd64_microsoft.windows.common-controls_6595b64144ccf1df_6.0.19041.844_none_ca00b6081b84eb1d\COMCTL32.dll
0x00007fff9cd00000 - 0x00007fff9cd30000 	C:\WINDOWS\System32\IMM32.DLL
0x0000000059200000 - 0x00000000592d2000 	C:\Program Files\Java\jre1.8.0_191\bin\msvcr100.dll
0x0000000058340000 - 0x0000000058be4000 	C:\Program Files\Java\jre1.8.0_191\bin\server\jvm.dll
0x00007fff9b800000 - 0x00007fff9b808000 	C:\WINDOWS\System32\PSAPI.DLL
0x00007fff939e0000 - 0x00007fff939ea000 	C:\WINDOWS\SYSTEM32\VERSION.dll
0x00007fff8d760000 - 0x00007fff8d769000 	C:\WINDOWS\SYSTEM32\WSOCK32.dll
0x00007fff8f370000 - 0x00007fff8f397000 	C:\WINDOWS\SYSTEM32\WINMM.dll
0x00007fff9b6b0000 - 0x00007fff9b71b000 	C:\WINDOWS\System32\WS2_32.dll
0x000000005b6a0000 - 0x000000005b6af000 	C:\Program Files\Java\jre1.8.0_191\bin\verify.dll
0x000000005b670000 - 0x000000005b699000 	C:\Program Files\Java\jre1.8.0_191\bin\java.dll
0x000000005b650000 - 0x000000005b666000 	C:\Program Files\Java\jre1.8.0_191\bin\zip.dll
0x00007fff9c5b0000 - 0x00007fff9ccf2000 	C:\WINDOWS\System32\SHELL32.dll
0x00007fff98a00000 - 0x00007fff99191000 	C:\WINDOWS\SYSTEM32\windows.storage.dll
0x00007fff9c1a0000 - 0x00007fff9c4f5000 	C:\WINDOWS\System32\combase.dll
0x00007fff9a5b0000 - 0x00007fff9a5dc000 	C:\WINDOWS\SYSTEM32\Wldp.dll
0x00007fff9d0f0000 - 0x00007fff9d19e000 	C:\WINDOWS\System32\SHCORE.dll
0x00007fff9bee0000 - 0x00007fff9bf35000 	C:\WINDOWS\System32\shlwapi.dll
0x00007fff9ab50000 - 0x00007fff9ab6f000 	C:\WINDOWS\SYSTEM32\profapi.dll
0x000000005b630000 - 0x000000005b64a000 	C:\Program Files\Java\jre1.8.0_191\bin\net.dll
0x00007fff9a320000 - 0x00007fff9a38a000 	C:\WINDOWS\system32\mswsock.dll
0x00007fff9a050000 - 0x00007fff9a11c000 	C:\WINDOWS\SYSTEM32\DNSAPI.dll
0x00007fff9a010000 - 0x00007fff9a04b000 	C:\WINDOWS\SYSTEM32\IPHLPAPI.DLL
0x00007fff9b530000 - 0x00007fff9b538000 	C:\WINDOWS\System32\NSI.dll
0x00007fff8fc50000 - 0x00007fff8fc5a000 	C:\Windows\System32\rasadhlp.dll
0x00007fff8fb60000 - 0x00007fff8fbdf000 	C:\WINDOWS\System32\fwpuclnt.dll
0x00007fff9b1a0000 - 0x00007fff9b1c7000 	C:\WINDOWS\System32\bcrypt.dll
0x000000005b750000 - 0x000000005b774000 	C:\Program Files\Java\jre1.8.0_191\bin\sunec.dll
0x00007fff988c0000 - 0x00007fff988d7000 	C:\WINDOWS\SYSTEM32\dhcpcsvc6.DLL
0x00007fff988a0000 - 0x00007fff988bd000 	C:\WINDOWS\SYSTEM32\dhcpcsvc.DLL
0x000000005abc0000 - 0x000000005abd1000 	C:\Program Files\Java\jre1.8.0_191\bin\nio.dll
0x00007fff9a500000 - 0x00007fff9a518000 	C:\WINDOWS\SYSTEM32\CRYPTSP.dll
0x00007fff99cc0000 - 0x00007fff99cf4000 	C:\WINDOWS\system32\rsaenh.dll
0x00007fff9ab10000 - 0x00007fff9ab3e000 	C:\WINDOWS\SYSTEM32\USERENV.dll
0x00007fff9ac10000 - 0x00007fff9ac90000 	C:\WINDOWS\System32\bcryptprimitives.dll
0x00007fff9a4f0000 - 0x00007fff9a4fc000 	C:\WINDOWS\SYSTEM32\CRYPTBASE.dll

VM Arguments:
jvm_args: -Dfile.encoding=Cp1252 
java_command: cucumber.api.cli.Main E:/SeleniumProject_qedze/guru99_Project/src/test/resources/Features/Login.feature --glue classpath: --plugin pretty --monochrome
java_class_path (initial): E:\SeleniumProject_qedze\guru99_Project\target\classes;E:\SeleniumProject_qedze\guru99_Project\target\test-classes;C:\Users\HII\.m2\repository\org\seleniumhq\selenium\selenium-java\3.4.0\selenium-java-3.4.0.jar;C:\Users\HII\.m2\repository\org\seleniumhq\selenium\selenium-api\3.4.0\selenium-api-3.4.0.jar;C:\Users\HII\.m2\repository\org\seleniumhq\selenium\selenium-chrome-driver\3.4.0\selenium-chrome-driver-3.4.0.jar;C:\Users\HII\.m2\repository\org\seleniumhq\selenium\selenium-edge-driver\3.4.0\selenium-edge-driver-3.4.0.jar;C:\Users\HII\.m2\repository\org\seleniumhq\selenium\selenium-firefox-driver\3.4.0\selenium-firefox-driver-3.4.0.jar;C:\Users\HII\.m2\repository\org\seleniumhq\selenium\selenium-ie-driver\3.4.0\selenium-ie-driver-3.4.0.jar;C:\Users\HII\.m2\repository\org\seleniumhq\selenium\selenium-opera-driver\3.4.0\selenium-opera-driver-3.4.0.jar;C:\Users\HII\.m2\repository\org\seleniumhq\selenium\selenium-remote-driver\3.4.0\selenium-remote-driver-3.4.0.jar;C:\Users\HII\.m2\repository\org\seleniumhq\selenium\selenium-safari-driver\3.4.0\selenium-safari-driver-3.4.0.jar;C:\Users\HII\.m2\repository\org\seleniumhq\selenium\selenium-support\3.4.0\selenium-support-3.4.0.jar;C:\Users\HII\.m2\repository\cglib\cglib-nodep\3.2.4\cglib-nodep-3.2.4.jar;C:\Users\HII\.m2\repository\org\apache\commons\commons-exec\1.3\commons-exec-1.3.jar;C:\Users\HII\.m2\repository\org\apache\commons\commons-lang3\3.5\commons-lang3-3.5.jar;C:\Users\HII\.m2\repository\commons-codec\commons-codec\1.10\commons-codec-1.10.jar;C:\Users\HII\.m2\repository\commons-io\commons-io\2.5\commons-io-2.5.jar;C:\Users\HII\.m2\repository\commons-logging\commons-logging\1.2\commons-logging-1.2.jar;C:\Users\HII\.m2\repository\org\w3c\css\sac\1.3\sac-1.3.jar;C:\Users\HII\.m2\repository\net\sourceforge\cssparser\cssparser\0.9.22\cssparser-0.9.22.jar;C:\Users\HII\.m2\repository\com\google\code\gson\gson\2.8.0\gson-2.8.0.jar;C:\Users\HII\.m2\repository\com\google\guava\guava\21.0\guav
Launcher Type: SUN_STANDARD

Environment Variables:
PATH=C:/Program Files/Java/jre1.8.0_191/bin/server;C:/Program Files/Java/jre1.8.0_191/bin;C:/Program Files/Java/jre1.8.0_191/lib/amd64;C:\Program Files (x86)\Common Files\Oracle\Java\javapath;C:\Windows\system32;C:\Windows;C:\Windows\System32\Wbem;C:\Windows\System32\WindowsPowerShell\v1.0\;C:\Program Files (x86)\NVIDIA Corporation\PhysX\Common;C:\WINDOWS\system32;C:\WINDOWS;C:\WINDOWS\System32\Wbem;C:\WINDOWS\System32\WindowsPowerShell\v1.0\;C:\WINDOWS\System32\OpenSSH\;C:\Program Files\Git\cmd;C:\Users\HII\AppData\Local\Programs\Python\Python37\Scripts\;C:\Users\HII\AppData\Local\Programs\Python\Python37\;C:\Users\HII\AppData\Local\Microsoft\WindowsApps;C:\Program Files\Java\jdk1.8.0_191\bin;C:\Users\HII\AppData\Local\GitHubDesktop\bin;;C:\Users\HII\Desktop;
USERNAME=HII
OS=Windows_NT
PROCESSOR_IDENTIFIER=Intel64 Family 6 Model 142 Stepping 9, GenuineIntel



---------------  S Y S T E M  ---------------

OS: Windows 10.0 , 64 bit Build 19041 (10.0.19041.928)

CPU:total 4 (initial active 4) (2 cores per cpu, 2 threads per core) family 6 model 142 stepping 9, cmov, cx8, fxsr, mmx, sse, sse2, sse3, ssse3, sse4.1, sse4.2, popcnt, avx, avx2, aes, clmul, erms, 3dnowpref, lzcnt, ht, tsc, tscinvbit, bmi1, bmi2, adx

Memory: 4k page, physical 8270988k(2642552k free), swap 10221708k(4868k free)

vm_info: Java HotSpot(TM) 64-Bit Server VM (25.191-b12) for windows-amd64 JRE (1.8.0_191-b12), built on Oct  6 2018 09:29:03 by "java_re" with MS VC++ 10.0 (VS2010)

time: Tue Apr 27 20:21:51 2021
elapsed time: 9 seconds (0d 0h 0m 9s)

