#
# There is insufficient memory for the Java Runtime Environment to continue.
# Native memory allocation (malloc) failed to allocate 380096 bytes for Chunk::new
# Possible reasons:
#   The system is out of physical RAM or swap space
#   In 32 bit mode, the process size limit was hit
# Possible solutions:
#   Reduce memory load on the system
#   Increase physical memory or swap space
#   Check if swap backing store is full
#   Use 64 bit Java on a 64 bit OS
#   Decrease Java heap size (-Xmx/-Xms)
#   Decrease number of Java threads
#   Decrease Java thread stack sizes (-Xss)
#   Set larger code cache with -XX:ReservedCodeCacheSize=
# This output file may be truncated or incomplete.
#
#  Out of Memory Error (allocation.cpp:390), pid=17548, tid=0x0000000000000608
#
# JRE version: Java(TM) SE Runtime Environment (8.0_191-b12) (build 1.8.0_191-b12)
# Java VM: Java HotSpot(TM) 64-Bit Server VM (25.191-b12 mixed mode windows-amd64 compressed oops)
# Failed to write core dump. Minidumps are not enabled by default on client versions of Windows
#

---------------  T H R E A D  ---------------

Current thread (0x0000000017352000):  JavaThread "C2 CompilerThread0" daemon [_thread_in_native, id=1544, stack(0x00000000189c0000,0x0000000018ac0000)]

Stack: [0x00000000189c0000,0x0000000018ac0000]
[error occurred during error reporting (printing stack bounds), id 0xc0000005]

Native frames: (J=compiled Java code, j=interpreted, Vv=VM code, C=native code)


Current CompileTask:
C2:   1872 1240       4       java.io.WinNTFileSystem::normalize (143 bytes)


---------------  P R O C E S S  ---------------

Java Threads: ( => current thread )
  0x0000000018cf8800 JavaThread "Service Thread" daemon [_thread_blocked, id=6852, stack(0x00000000190c0000,0x00000000191c0000)]
  0x0000000017363800 JavaThread "C1 CompilerThread2" daemon [_thread_blocked, id=11936, stack(0x0000000018bc0000,0x0000000018cc0000)]
  0x0000000017357800 JavaThread "C2 CompilerThread1" daemon [_thread_in_native, id=7664, stack(0x0000000018ac0000,0x0000000018bc0000)]
=>0x0000000017352000 JavaThread "C2 CompilerThread0" daemon [_thread_in_native, id=1544, stack(0x00000000189c0000,0x0000000018ac0000)]
  0x0000000017350000 JavaThread "Attach Listener" daemon [_thread_blocked, id=14068, stack(0x00000000188c0000,0x00000000189c0000)]
  0x000000001734f000 JavaThread "Signal Dispatcher" daemon [_thread_blocked, id=4428, stack(0x00000000187c0000,0x00000000188c0000)]
  0x000000001733a000 JavaThread "Finalizer" daemon [_thread_blocked, id=16904, stack(0x00000000185c0000,0x00000000186c0000)]
  0x0000000002813800 JavaThread "Reference Handler" daemon [_thread_blocked, id=14460, stack(0x00000000184c0000,0x00000000185c0000)]
  0x0000000002724000 JavaThread "main" [_thread_in_Java, id=16132, stack(0x0000000002620000,0x0000000002720000)]

Other Threads:
  0x0000000017318800 VMThread [stack: 0x00000000183c0000,0x00000000184c0000] [id=13208]
  0x00000000173ad800 WatcherThread [stack: 0x00000000191c0000,0x00000000192c0000] [id=15776]

VM state:not at safepoint (normal execution)

VM Mutex/Monitor currently owned by a thread: None

Heap:
 PSYoungGen      total 38400K, used 34406K [0x00000000d5f00000, 0x00000000d8980000, 0x0000000100000000)
  eden space 33280K, 93% used [0x00000000d5f00000,0x00000000d7d5c2f0,0x00000000d7f80000)
  from space 5120K, 64% used [0x00000000d7f80000,0x00000000d82bd8a8,0x00000000d8480000)
  to   space 5120K, 0% used [0x00000000d8480000,0x00000000d8480000,0x00000000d8980000)
 ParOldGen       total 87552K, used 8K [0x0000000081c00000, 0x0000000087180000, 0x00000000d5f00000)
  object space 87552K, 0% used [0x0000000081c00000,0x0000000081c02000,0x0000000087180000)
 Metaspace       used 11612K, capacity 11898K, committed 12032K, reserved 1060864K
  class space    used 1589K, capacity 1703K, committed 1792K, reserved 1048576K

Card table byte_map: [0x0000000011be0000,0x0000000011fe0000] byte_map_base: 0x00000000117d2000

Marking Bits: (ParMarkBitMap*) 0x0000000068a83e30
 Begin Bits: [0x0000000012690000, 0x0000000014620000)
 End Bits:   [0x0000000014620000, 0x00000000165b0000)

Polling page: 0x0000000000c60000

CodeCache: size=245760Kb used=4629Kb max_used=4629Kb free=241130Kb
 bounds [0x0000000002820000, 0x0000000002cb0000, 0x0000000011820000]
 total_blobs=1588 nmethods=1240 adapters=260
 compilation: enabled

Compilation events (10 events):
Event: 1.834 Thread 0x0000000017363800 1238       3       sun.security.util.MemoryCache::emptyQueue (93 bytes)
Event: 1.835 Thread 0x0000000017363800 nmethod 1238 0x0000000002c98090 code [0x0000000002c98280, 0x0000000002c98db8]
Event: 1.835 Thread 0x0000000017363800 1234       3       java.security.cert.CertificateFactory::generateCertificate (9 bytes)
Event: 1.835 Thread 0x0000000017363800 nmethod 1234 0x0000000002c97c50 code [0x0000000002c97dc0, 0x0000000002c97fe8]
Event: 1.840 Thread 0x0000000017363800 1239   !   3       sun.net.www.ParseUtil::decode (316 bytes)
Event: 1.844 Thread 0x0000000017363800 nmethod 1239 0x0000000002ca24d0 code [0x0000000002ca29e0, 0x0000000002ca6348]
Event: 1.850 Thread 0x0000000017352000 1240       4       java.io.WinNTFileSystem::normalize (143 bytes)
Event: 1.852 Thread 0x0000000017363800 1241   !   3       java.lang.Package::getSystemPackage (63 bytes)
Event: 1.853 Thread 0x0000000017363800 nmethod 1241 0x0000000002c96c90 code [0x0000000002c96e80, 0x0000000002c97758]
Event: 1.859 Thread 0x0000000017357800 1242   !   4       sun.misc.URLClassPath$JarLoader::getResource (85 bytes)

GC Heap History (2 events):
Event: 0.788 GC heap before
{Heap before GC invocations=1 (full 0):
 PSYoungGen      total 38400K, used 33280K [0x00000000d5f00000, 0x00000000d8980000, 0x0000000100000000)
  eden space 33280K, 100% used [0x00000000d5f00000,0x00000000d7f80000,0x00000000d7f80000)
  from space 5120K, 0% used [0x00000000d8480000,0x00000000d8480000,0x00000000d8980000)
  to   space 5120K, 0% used [0x00000000d7f80000,0x00000000d7f80000,0x00000000d8480000)
 ParOldGen       total 87552K, used 0K [0x0000000081c00000, 0x0000000087180000, 0x00000000d5f00000)
  object space 87552K, 0% used [0x0000000081c00000,0x0000000081c00000,0x0000000087180000)
 Metaspace       used 5849K, capacity 6324K, committed 6528K, reserved 1056768K
  class space    used 854K, capacity 880K, committed 896K, reserved 1048576K
Event: 0.792 GC heap after
Heap after GC invocations=1 (full 0):
 PSYoungGen      total 38400K, used 3318K [0x00000000d5f00000, 0x00000000d8980000, 0x0000000100000000)
  eden space 33280K, 0% used [0x00000000d5f00000,0x00000000d5f00000,0x00000000d7f80000)
  from space 5120K, 64% used [0x00000000d7f80000,0x00000000d82bd8a8,0x00000000d8480000)
  to   space 5120K, 0% used [0x00000000d8480000,0x00000000d8480000,0x00000000d8980000)
 ParOldGen       total 87552K, used 8K [0x0000000081c00000, 0x0000000087180000, 0x00000000d5f00000)
  object space 87552K, 0% used [0x0000000081c00000,0x0000000081c02000,0x0000000087180000)
 Metaspace       used 5849K, capacity 6324K, committed 6528K, reserved 1056768K
  class space    used 854K, capacity 880K, committed 896K, reserved 1048576K
}

Deoptimization events (10 events):
Event: 0.835 Thread 0x0000000002724000 Uncommon trap: reason=range_check action=make_not_entrant pc=0x0000000002aa5960 method=sun.reflect.generics.parser.SignatureParser.current()C @ 34
Event: 0.905 Thread 0x0000000002724000 Uncommon trap: reason=unstable_if action=reinterpret pc=0x0000000002a59c80 method=java.io.WinNTFileSystem.normalize(Ljava/lang/String;II)Ljava/lang/String; @ 103
Event: 1.162 Thread 0x0000000002724000 Uncommon trap: reason=unstable_if action=reinterpret pc=0x0000000002aec9ec method=sun.misc.MetaIndex.mayContain(Ljava/lang/String;)Z @ 38
Event: 1.225 Thread 0x0000000002724000 Uncommon trap: reason=class_check action=maybe_recompile pc=0x0000000002b34ba8 method=java.util.HashMap.putVal(ILjava/lang/Object;Ljava/lang/Object;ZZ)Ljava/lang/Object; @ 203
Event: 1.225 Thread 0x0000000002724000 Uncommon trap: reason=class_check action=maybe_recompile pc=0x0000000002b34ba8 method=java.util.HashMap.putVal(ILjava/lang/Object;Ljava/lang/Object;ZZ)Ljava/lang/Object; @ 203
Event: 1.228 Thread 0x0000000002724000 Uncommon trap: reason=class_check action=maybe_recompile pc=0x0000000002b34ba8 method=java.util.HashMap.putVal(ILjava/lang/Object;Ljava/lang/Object;ZZ)Ljava/lang/Object; @ 203
Event: 1.231 Thread 0x0000000002724000 Uncommon trap: reason=class_check action=maybe_recompile pc=0x0000000002b34ba8 method=java.util.HashMap.putVal(ILjava/lang/Object;Ljava/lang/Object;ZZ)Ljava/lang/Object; @ 203
Event: 1.257 Thread 0x0000000002724000 Uncommon trap: reason=unstable_if action=reinterpret pc=0x0000000002a9f0c0 method=java.util.LinkedHashMap.get(Ljava/lang/Object;)Ljava/lang/Object; @ 20
Event: 1.261 Thread 0x0000000002724000 Uncommon trap: reason=unstable_if action=reinterpret pc=0x0000000002b11ad0 method=java.lang.String.regionMatches(ZILjava/lang/String;II)Z @ 123
Event: 1.518 Thread 0x0000000002724000 Uncommon trap: reason=unstable_if action=reinterpret pc=0x0000000002b7ab9c method=java.lang.CharacterDataLatin1.digit(II)I @ 82

Classes redefined (0 events):
No events

Internal exceptions (10 events):
Event: 0.218 Thread 0x0000000002724000 Exception <a 'java/security/PrivilegedActionException'> (0x00000000d6172d80) thrown at [C:\re\workspace\8-2-build-windows-amd64-cygwin\jdk8u191\11896\hotspot\src\share\vm\prims\jvm.cpp, line 1435]
Event: 0.219 Thread 0x0000000002724000 Exception <a 'java/security/PrivilegedActionException'> (0x00000000d61769f0) thrown at [C:\re\workspace\8-2-build-windows-amd64-cygwin\jdk8u191\11896\hotspot\src\share\vm\prims\jvm.cpp, line 1435]
Event: 0.219 Thread 0x0000000002724000 Exception <a 'java/security/PrivilegedActionException'> (0x00000000d6176c00) thrown at [C:\re\workspace\8-2-build-windows-amd64-cygwin\jdk8u191\11896\hotspot\src\share\vm\prims\jvm.cpp, line 1435]
Event: 0.835 Thread 0x0000000002724000 Exception <a 'java/lang/ArrayIndexOutOfBoundsException': 18> (0x00000000d62d11d8) thrown at [C:\re\workspace\8-2-build-windows-amd64-cygwin\jdk8u191\11896\hotspot\src\share\vm\interpreter\interpreterRuntime.cpp, line 366]
Event: 0.835 Thread 0x0000000002724000 Exception <a 'java/lang/ArrayIndexOutOfBoundsException': 138> (0x00000000d62d2c88) thrown at [C:\re\workspace\8-2-build-windows-amd64-cygwin\jdk8u191\11896\hotspot\src\share\vm\interpreter\interpreterRuntime.cpp, line 366]
Event: 0.836 Thread 0x0000000002724000 Exception <a 'java/lang/ArrayIndexOutOfBoundsException': 60> (0x00000000d62d4138) thrown at [C:\re\workspace\8-2-build-windows-amd64-cygwin\jdk8u191\11896\hotspot\src\share\vm\interpreter\interpreterRuntime.cpp, line 366]
Event: 0.836 Thread 0x0000000002724000 Exception <a 'java/lang/ArrayIndexOutOfBoundsException': 40> (0x00000000d62d5040) thrown at [C:\re\workspace\8-2-build-windows-amd64-cygwin\jdk8u191\11896\hotspot\src\share\vm\interpreter\interpreterRuntime.cpp, line 366]
Event: 1.155 Thread 0x0000000002724000 Exception <a 'java/lang/NoClassDefFoundError': org/slf4j/impl/StaticLoggerBinder> (0x00000000d6a983c8) thrown at [C:\re\workspace\8-2-build-windows-amd64-cygwin\jdk8u191\11896\hotspot\src\share\vm\classfile\systemDictionary.cpp, line 199]
Event: 1.501 Thread 0x0000000002724000 Exception <a 'java/lang/NoSuchFieldError': method resolution failed> (0x00000000d6eaf300) thrown at [C:\re\workspace\8-2-build-windows-amd64-cygwin\jdk8u191\11896\hotspot\src\share\vm\prims\methodHandles.cpp, line 1167]
Event: 1.503 Thread 0x0000000002724000 Exception <a 'java/lang/NoSuchFieldError': method resolution failed> (0x00000000d6ebcd90) thrown at [C:\re\workspace\8-2-build-windows-amd64-cygwin\jdk8u191\11896\hotspot\src\share\vm\prims\methodHandles.cpp, line 1167]

Events (10 events):
Event: 1.867 loading class org/apache/http/impl/cookie/RFC6265CookieSpecProvider done
Event: 1.868 loading class org/apache/http/impl/cookie/RFC6265CookieSpecProvider$CompatibilityLevel
Event: 1.868 loading class org/apache/http/impl/cookie/RFC6265CookieSpecProvider$CompatibilityLevel done
Event: 1.869 loading class org/apache/http/impl/cookie/NetscapeDraftSpecProvider
Event: 1.869 loading class org/apache/http/impl/cookie/NetscapeDraftSpecProvider done
Event: 1.869 loading class org/apache/http/impl/cookie/IgnoreSpecProvider
Event: 1.869 loading class org/apache/http/impl/cookie/IgnoreSpecProvider done
Event: 1.870 loading class org/apache/http/impl/client/BasicCookieStore
Event: 1.870 loading class org/apache/http/impl/client/BasicCookieStore done
Event: 1.871 loading class org/apache/http/cookie/CookieIdentityComparator


Dynamic libraries:
0x00007ff664130000 - 0x00007ff664167000 	C:\Program Files\Java\jre1.8.0_191\bin\javaw.exe
0x00007ffdcd470000 - 0x00007ffdcd665000 	C:\WINDOWS\SYSTEM32\ntdll.dll
0x00007ffdcc930000 - 0x00007ffdcc9ed000 	C:\WINDOWS\System32\KERNEL32.DLL
0x00007ffdcb200000 - 0x00007ffdcb4c8000 	C:\WINDOWS\System32\KERNELBASE.dll
0x00007ffdcbc70000 - 0x00007ffdcbd1c000 	C:\WINDOWS\System32\ADVAPI32.dll
0x00007ffdcc9f0000 - 0x00007ffdcca8e000 	C:\WINDOWS\System32\msvcrt.dll
0x00007ffdcd370000 - 0x00007ffdcd40b000 	C:\WINDOWS\System32\sechost.dll
0x00007ffdcbd20000 - 0x00007ffdcbe4b000 	C:\WINDOWS\System32\RPCRT4.dll
0x00007ffdcb770000 - 0x00007ffdcb910000 	C:\WINDOWS\System32\USER32.dll
0x00007ffdcaf40000 - 0x00007ffdcaf62000 	C:\WINDOWS\System32\win32u.dll
0x00007ffdcca90000 - 0x00007ffdccaba000 	C:\WINDOWS\System32\GDI32.dll
0x00007ffdcad90000 - 0x00007ffdcae9b000 	C:\WINDOWS\System32\gdi32full.dll
0x00007ffdcaea0000 - 0x00007ffdcaf3d000 	C:\WINDOWS\System32\msvcp_win.dll
0x00007ffdcabb0000 - 0x00007ffdcacb0000 	C:\WINDOWS\System32\ucrtbase.dll
0x00007ffdca0b0000 - 0x00007ffdca34a000 	C:\WINDOWS\WinSxS\amd64_microsoft.windows.common-controls_6595b64144ccf1df_6.0.19041.844_none_ca00b6081b84eb1d\COMCTL32.dll
0x00007ffdcb4d0000 - 0x00007ffdcb500000 	C:\WINDOWS\System32\IMM32.DLL
0x0000000068f30000 - 0x0000000069002000 	C:\Program Files\Java\jre1.8.0_191\bin\msvcr100.dll
0x0000000068260000 - 0x0000000068b04000 	C:\Program Files\Java\jre1.8.0_191\bin\server\jvm.dll
0x00007ffdcc920000 - 0x00007ffdcc928000 	C:\WINDOWS\System32\PSAPI.DLL
0x00007ffdbb1b0000 - 0x00007ffdbb1d7000 	C:\WINDOWS\SYSTEM32\WINMM.dll
0x00007ffdba780000 - 0x00007ffdba789000 	C:\WINDOWS\SYSTEM32\WSOCK32.dll
0x00007ffdcc850000 - 0x00007ffdcc8bb000 	C:\WINDOWS\System32\WS2_32.dll
0x00007ffdc1d40000 - 0x00007ffdc1d4a000 	C:\WINDOWS\SYSTEM32\VERSION.dll
0x000000006b090000 - 0x000000006b09f000 	C:\Program Files\Java\jre1.8.0_191\bin\verify.dll
0x0000000069cb0000 - 0x0000000069cd9000 	C:\Program Files\Java\jre1.8.0_191\bin\java.dll
0x0000000069c90000 - 0x0000000069ca6000 	C:\Program Files\Java\jre1.8.0_191\bin\zip.dll
0x00007ffdcc100000 - 0x00007ffdcc842000 	C:\WINDOWS\System32\SHELL32.dll
0x00007ffdc8680000 - 0x00007ffdc8e11000 	C:\WINDOWS\SYSTEM32\windows.storage.dll
0x00007ffdcb910000 - 0x00007ffdcbc65000 	C:\WINDOWS\System32\combase.dll
0x00007ffdc9da0000 - 0x00007ffdc9dcc000 	C:\WINDOWS\SYSTEM32\Wldp.dll
0x00007ffdcce50000 - 0x00007ffdccefe000 	C:\WINDOWS\System32\SHCORE.dll
0x00007ffdcb710000 - 0x00007ffdcb765000 	C:\WINDOWS\System32\shlwapi.dll
0x00007ffdcaaf0000 - 0x00007ffdcab0f000 	C:\WINDOWS\SYSTEM32\profapi.dll
0x0000000068f10000 - 0x0000000068f2a000 	C:\Program Files\Java\jre1.8.0_191\bin\net.dll
0x00007ffdc9c20000 - 0x00007ffdc9c8a000 	C:\WINDOWS\system32\mswsock.dll
0x00007ffdc9970000 - 0x00007ffdc9a3c000 	C:\WINDOWS\SYSTEM32\DNSAPI.dll
0x00007ffdc9930000 - 0x00007ffdc996b000 	C:\WINDOWS\SYSTEM32\IPHLPAPI.DLL
0x00007ffdcbed0000 - 0x00007ffdcbed8000 	C:\WINDOWS\System32\NSI.dll
0x00007ffdbaab0000 - 0x00007ffdbaaba000 	C:\Windows\System32\rasadhlp.dll
0x00007ffdbaf20000 - 0x00007ffdbaf9f000 	C:\WINDOWS\System32\fwpuclnt.dll
0x00007ffdcacb0000 - 0x00007ffdcacd7000 	C:\WINDOWS\System32\bcrypt.dll
0x0000000068ec0000 - 0x0000000068ee4000 	C:\Program Files\Java\jre1.8.0_191\bin\sunec.dll
0x00007ffdc8440000 - 0x00007ffdc8457000 	C:\WINDOWS\SYSTEM32\dhcpcsvc6.DLL
0x00007ffdc8420000 - 0x00007ffdc843d000 	C:\WINDOWS\SYSTEM32\dhcpcsvc.DLL
0x0000000068ef0000 - 0x0000000068f01000 	C:\Program Files\Java\jre1.8.0_191\bin\nio.dll
0x00007ffdca940000 - 0x00007ffdca958000 	C:\WINDOWS\SYSTEM32\CRYPTSP.dll
0x00007ffdc9600000 - 0x00007ffdc9634000 	C:\WINDOWS\system32\rsaenh.dll
0x00007ffdcaab0000 - 0x00007ffdcaade000 	C:\WINDOWS\SYSTEM32\USERENV.dll
0x00007ffdcb180000 - 0x00007ffdcb200000 	C:\WINDOWS\System32\bcryptprimitives.dll
0x00007ffdc9e40000 - 0x00007ffdc9e4c000 	C:\WINDOWS\SYSTEM32\CRYPTBASE.dll

VM Arguments:
jvm_args: -Dfile.encoding=Cp1252 
java_command: cucumber.api.cli.Main C:/Users/HII/Desktop/SeleniumProject_qedze/guru99_Project/src/test/resources/features/EcommerceLogin.feature --glue classpath: --plugin pretty --monochrome
java_class_path (initial): C:\Users\HII\Desktop\SeleniumProject_qedze\guru99_Project\target\classes;C:\Users\HII\Desktop\SeleniumProject_qedze\guru99_Project\target\test-classes;C:\Users\HII\.m2\repository\org\seleniumhq\selenium\selenium-java\3.4.0\selenium-java-3.4.0.jar;C:\Users\HII\.m2\repository\org\seleniumhq\selenium\selenium-api\3.4.0\selenium-api-3.4.0.jar;C:\Users\HII\.m2\repository\org\seleniumhq\selenium\selenium-chrome-driver\3.4.0\selenium-chrome-driver-3.4.0.jar;C:\Users\HII\.m2\repository\org\seleniumhq\selenium\selenium-edge-driver\3.4.0\selenium-edge-driver-3.4.0.jar;C:\Users\HII\.m2\repository\org\seleniumhq\selenium\selenium-firefox-driver\3.4.0\selenium-firefox-driver-3.4.0.jar;C:\Users\HII\.m2\repository\org\seleniumhq\selenium\selenium-ie-driver\3.4.0\selenium-ie-driver-3.4.0.jar;C:\Users\HII\.m2\repository\org\seleniumhq\selenium\selenium-opera-driver\3.4.0\selenium-opera-driver-3.4.0.jar;C:\Users\HII\.m2\repository\org\seleniumhq\selenium\selenium-remote-driver\3.4.0\selenium-remote-driver-3.4.0.jar;C:\Users\HII\.m2\repository\org\seleniumhq\selenium\selenium-safari-driver\3.4.0\selenium-safari-driver-3.4.0.jar;C:\Users\HII\.m2\repository\org\seleniumhq\selenium\selenium-support\3.4.0\selenium-support-3.4.0.jar;C:\Users\HII\.m2\repository\cglib\cglib-nodep\3.2.4\cglib-nodep-3.2.4.jar;C:\Users\HII\.m2\repository\org\apache\commons\commons-exec\1.3\commons-exec-1.3.jar;C:\Users\HII\.m2\repository\org\apache\commons\commons-lang3\3.5\commons-lang3-3.5.jar;C:\Users\HII\.m2\repository\commons-codec\commons-codec\1.10\commons-codec-1.10.jar;C:\Users\HII\.m2\repository\commons-io\commons-io\2.5\commons-io-2.5.jar;C:\Users\HII\.m2\repository\commons-logging\commons-logging\1.2\commons-logging-1.2.jar;C:\Users\HII\.m2\repository\org\w3c\css\sac\1.3\sac-1.3.jar;C:\Users\HII\.m2\repository\net\sourceforge\cssparser\cssparser\0.9.22\cssparser-0.9.22.jar;C:\Users\HII\.m2\repository\com\google\code\gson\gson\2.8.0\gson-2.8.0.jar;C:\Users\HII\.m2\reposit
Launcher Type: SUN_STANDARD

Environment Variables:
PATH=C:/Program Files/Java/jre1.8.0_191/bin/server;C:/Program Files/Java/jre1.8.0_191/bin;C:/Program Files/Java/jre1.8.0_191/lib/amd64;D:\oracle\app\oracle\product\11.2.0\server\bin;;D:\app\HII\product\12.2.0\dbhome_1\bin;C:\Program Files (x86)\Common Files\Oracle\Java\javapath;C:\Windows\system32;C:\Windows;C:\Windows\System32\Wbem;C:\Windows\System32\WindowsPowerShell\v1.0\;C:\Program Files (x86)\NVIDIA Corporation\PhysX\Common;C:\WINDOWS\system32;C:\WINDOWS;C:\WINDOWS\System32\Wbem;C:\WINDOWS\System32\WindowsPowerShell\v1.0\;C:\WINDOWS\System32\OpenSSH\;C:\Program Files\Git\cmd;C:\Users\HII\AppData\Local\Programs\Python\Python37\Scripts\;C:\Users\HII\AppData\Local\Programs\Python\Python37\;C:\Users\HII\AppData\Local\Microsoft\WindowsApps;C:\Program Files\Java\jdk1.8.0_191\bin;C:\Users\HII\AppData\Local\GitHubDesktop\bin;;C:\Users\HII\Desktop;
USERNAME=HII
OS=Windows_NT
PROCESSOR_IDENTIFIER=Intel64 Family 6 Model 142 Stepping 9, GenuineIntel



---------------  S Y S T E M  ---------------

OS: Windows 10.0 , 64 bit Build 19041 (10.0.19041.928)

CPU:total 4 (initial active 4) (2 cores per cpu, 2 threads per core) family 6 model 142 stepping 9, cmov, cx8, fxsr, mmx, sse, sse2, sse3, ssse3, sse4.1, sse4.2, popcnt, avx, avx2, aes, clmul, erms, 3dnowpref, lzcnt, ht, tsc, tscinvbit, bmi1, bmi2, adx

Memory: 4k page, physical 8270988k(3098844k free), swap 10221708k(5308k free)

vm_info: Java HotSpot(TM) 64-Bit Server VM (25.191-b12) for windows-amd64 JRE (1.8.0_191-b12), built on Oct  6 2018 09:29:03 by "java_re" with MS VC++ 10.0 (VS2010)

time: Thu May 13 19:14:33 2021
elapsed time: 1 seconds (0d 0h 0m 1s)

